<?xml version="1.0" encoding="UTF-8"?>
<!-- Generated by org.testng.reporters.JUnitReportReporter -->
<testsuite hostname="LAPTOP-94528AE3" failures="0" tests="1" name="com.test.ExtentTest_1" time="0.010" errors="0" timestamp="2023-08-29T14:44:24 IST" skipped="0">
  <testcase classname="com.test.ExtentTest_1" name="test" time="0.010"/>
</testsuite> <!-- com.test.ExtentTest_1 -->
