<?xml version="1.0" encoding="UTF-8"?>
<!-- Generated by org.testng.reporters.JUnitReportReporter -->
<testsuite hostname="LAPTOP-94528AE3" failures="0" tests="1" name="com.test.ExtentTest" time="1.493" errors="0" timestamp="2023-08-29T14:10:37 IST" skipped="0">
  <testcase classname="com.test.ExtentTest" name="test" time="1.493"/>
</testsuite> <!-- com.test.ExtentTest -->
