<?xml version="1.0" encoding="UTF-8"?>
<!-- Generated by org.testng.reporters.JUnitReportReporter -->
<testsuite hostname="Krishna" failures="0" tests="1" name="com.basic.JiraTest" time="1.873" errors="0" timestamp="2023-12-09T07:43:40 IST" skipped="0">
  <testcase classname="com.basic.JiraTest" name="Jira" time="1.873"/>
</testsuite> <!-- com.basic.JiraTest -->
