<?xml version="1.0" encoding="UTF-8"?>
<!-- Generated by org.testng.reporters.JUnitReportReporter -->
<testsuite hostname="Krishna" failures="0" tests="1" name="com.basic.SumValidation" time="1.150" errors="0" timestamp="2023-12-05T07:02:51 IST" skipped="0">
  <testcase classname="com.basic.SumValidation" name="sumValidation" time="1.150"/>
</testsuite> <!-- com.basic.SumValidation -->
